Socialoid/app/build/outputs/logs/manifest-merger-debug-report.txt
-- Merging decision tree log ---
manifest
ADDED from src\main\AndroidManifest.xml:2:1-32:12
	xmlns:android
		ADDED from src\main\AndroidManifest.xml:3:5-63
	package
		ADDED from src\main\AndroidManifest.xml:4:5-46
		INJECTED from src\main\AndroidManifest.xml
		INJECTED from src\main\AndroidManifest.xml
uses-sdk
ADDED from src\main\AndroidManifest.xml:6:5-74
MERGED from [com.curtrostudios.socialoidlibrary:socialoidlibrary:0.0.1] AndroidManifest.xml:7:5-9:41
MERGED from [com.android.support:appcompat-v7:23.1.0] AndroidManifest.xml:20:5-43
MERGED from [com.android.support:support-v4:23.1.0] AndroidManifest.xml:20:5-43
	android:targetSdkVersion
		ADDED from src\main\AndroidManifest.xml:6:42-71
		INJECTED from src\main\AndroidManifest.xml
		INJECTED from src\main\AndroidManifest.xml
	android:minSdkVersion
		ADDED from src\main\AndroidManifest.xml:6:15-41
		INJECTED from src\main\AndroidManifest.xml
		INJECTED from src\main\AndroidManifest.xml
uses-feature#android.software.live_wallpaper
ADDED from src\main\AndroidManifest.xml:7:5-68
	android:name
		ADDED from src\main\AndroidManifest.xml:7:19-65
uses-permission#android.permission.INTERNET
ADDED from src\main\AndroidManifest.xml:9:5-67
	android:name
		ADDED from src\main\AndroidManifest.xml:9:22-64
application
ADDED from src\main\AndroidManifest.xml:11:5-31:19
MERGED from [com.curtrostudios.socialoidlibrary:socialoidlibrary:0.0.1] AndroidManifest.xml:11:5-14:19
MERGED from [com.android.support:appcompat-v7:23.1.0] AndroidManifest.xml:22:5-20
MERGED from [com.android.support:support-v4:23.1.0] AndroidManifest.xml:22:5-20
	android:allowBackup
		ADDED from [com.curtrostudios.socialoidlibrary:socialoidlibrary:0.0.1] AndroidManifest.xml:12:9-35
	android:label
		ADDED from src\main\AndroidManifest.xml:12:9-43
	android:icon
		ADDED from src\main\AndroidManifest.xml:13:9-45
	android:theme
		ADDED from [com.curtrostudios.socialoidlibrary:socialoidlibrary:0.0.1] AndroidManifest.xml:13:9-45
service#com.curtrostudios.socialoidtest.Wallpaper
ADDED from src\main\AndroidManifest.xml:15:9-23:19
	android:label
		ADDED from src\main\AndroidManifest.xml:16:13-38
	android:permission
		ADDED from src\main\AndroidManifest.xml:18:13-67
	android:name
		ADDED from src\main\AndroidManifest.xml:17:13-38
intent-filter#android.service.wallpaper.WallpaperService
ADDED from src\main\AndroidManifest.xml:19:13-21:29
action#android.service.wallpaper.WallpaperService
ADDED from src\main\AndroidManifest.xml:20:17-85
	android:name
		ADDED from src\main\AndroidManifest.xml:20:25-82
meta-data#android.service.wallpaper
ADDED from src\main\AndroidManifest.xml:22:13-97
	android:resource
		ADDED from src\main\AndroidManifest.xml:22:65-94
	android:name
		ADDED from src\main\AndroidManifest.xml:22:24-64
activity#com.curtrostudios.socialoidtest.Settings
ADDED from src\main\AndroidManifest.xml:24:9-29:20
	android:label
		ADDED from src\main\AndroidManifest.xml:25:13-37
	android:theme
		ADDED from src\main\AndroidManifest.xml:27:13-73
	android:exported
		ADDED from src\main\AndroidManifest.xml:28:13-36
	android:name
		ADDED from src\main\AndroidManifest.xml:26:13-37